2026-04-28 00:36:03,315 [INFO] Starting scrape...
2026-04-28 00:36:03,315 [INFO] Scraping Indeed...
2026-04-28 00:36:03,347 [WARNING]   Indeed RSS failed for 'new grad software engineer': 403 Client Error: Forbidden for url: https://www.indeed.com/rss?q=new+grad+software+engineer&l=United+States&sort=date&limit=10
2026-04-28 00:36:06,155 [WARNING]   Indeed RSS failed for 'entry level software engineer': 403 Client Error: Forbidden for url: https://www.indeed.com/rss?q=entry+level+software+engineer&l=United+States&sort=date&limit=10
2026-04-28 00:36:08,471 [WARNING]   Indeed RSS failed for 'junior software developer': 403 Client Error: Forbidden for url: https://www.indeed.com/rss?q=junior+software+developer&l=United+States&sort=date&limit=10
2026-04-28 00:36:10,992 [WARNING]   Indeed RSS failed for 'new grad machine learning engineer': 403 Client Error: Forbidden for url: https://www.indeed.com/rss?q=new+grad+machine+learning+engineer&l=United+States&sort=date&limit=10
2026-04-28 00:36:13,932 [WARNING]   Indeed RSS failed for 'entry level AI engineer': 403 Client Error: Forbidden for url: https://www.indeed.com/rss?q=entry+level+AI+engineer&l=United+States&sort=date&limit=10
2026-04-28 00:36:17,424 [WARNING]   Indeed RSS failed for 'junior data scientist': 403 Client Error: Forbidden for url: https://www.indeed.com/rss?q=junior+data+scientist&l=United+States&sort=date&limit=10
2026-04-28 00:36:19,317 [WARNING]   Indeed RSS failed for 'entry level cybersecurity analyst': 403 Client Error: Forbidden for url: https://www.indeed.com/rss?q=entry+level+cybersecurity+analyst&l=United+States&sort=date&limit=10
2026-04-28 00:36:22,540 [WARNING]   Indeed RSS failed for 'new grad security engineer': 403 Client Error: Forbidden for url: https://www.indeed.com/rss?q=new+grad+security+engineer&l=United+States&sort=date&limit=10
2026-04-28 00:36:25,388 [WARNING]   Indeed RSS failed for 'entry level robotics engineer': 403 Client Error: Forbidden for url: https://www.indeed.com/rss?q=entry+level+robotics+engineer&l=United+States&sort=date&limit=10
2026-04-28 00:36:28,104 [WARNING]   Indeed RSS failed for 'new grad robotics software': 403 Client Error: Forbidden for url: https://www.indeed.com/rss?q=new+grad+robotics+software&l=United+States&sort=date&limit=10
2026-04-28 00:36:30,645 [WARNING]   Indeed RSS failed for 'new grad DevOps engineer': 403 Client Error: Forbidden for url: https://www.indeed.com/rss?q=new+grad+DevOps+engineer&l=United+States&sort=date&limit=10
2026-04-28 00:36:33,872 [WARNING]   Indeed RSS failed for 'entry level cloud engineer': 403 Client Error: Forbidden for url: https://www.indeed.com/rss?q=entry+level+cloud+engineer&l=United+States&sort=date&limit=10
2026-04-28 00:36:36,108 [WARNING]   Indeed RSS failed for 'new grad site reliability engineer': 403 Client Error: Forbidden for url: https://www.indeed.com/rss?q=new+grad+site+reliability+engineer&l=United+States&sort=date&limit=10
2026-04-28 00:36:37,665 [INFO]   0 listings found
2026-04-28 00:36:37,665 [INFO] Scraping LinkedIn...
2026-04-28 00:37:27,417 [INFO]   112 listings found
2026-04-28 00:37:27,417 [INFO] Scraping SimplyHired...
2026-04-28 00:38:13,813 [INFO]   121 listings found
2026-04-28 00:38:13,814 [INFO] Scraping REU/Research...
2026-04-28 00:38:19,310 [WARNING]   fetch failed for https://app.joinhandshake.com/jobs?query=summer+research+undergraduate+computer+science&page=1&per_page=10&job_types%5B%5D=268: 403 Client Error: Forbidden for url: https://app.joinhandshake.com/jobs?query=summer+research+undergraduate+computer+science&page=1&per_page=10&job_types%5B%5D=268
2026-04-28 00:38:22,718 [WARNING]   fetch failed for https://app.joinhandshake.com/jobs?query=REU+fellowship+machine+learning&page=1&per_page=10&job_types%5B%5D=268: 403 Client Error: Forbidden for url: https://app.joinhandshake.com/jobs?query=REU+fellowship+machine+learning&page=1&per_page=10&job_types%5B%5D=268
2026-04-28 00:38:26,636 [INFO]   0 listings found
2026-04-28 00:38:26,636 [INFO] Scraping USAJobs...
2026-04-28 00:38:26,851 [WARNING] USAJobs API error for 'software engineer': 401 Client Error: Unauthorized for url: https://data.usajobs.gov/api/search?Keyword=software+engineer&ResultsPerPage=10&SortField=OpenDate&SortDirection=Desc&StudentIndicator=True
2026-04-28 00:38:29,197 [WARNING] USAJobs API error for 'computer scientist': 401 Client Error: Unauthorized for url: https://data.usajobs.gov/api/search?Keyword=computer+scientist&ResultsPerPage=10&SortField=OpenDate&SortDirection=Desc&StudentIndicator=True
2026-04-28 00:38:32,152 [WARNING] USAJobs API error for 'cybersecurity': 401 Client Error: Unauthorized for url: https://data.usajobs.gov/api/search?Keyword=cybersecurity&ResultsPerPage=10&SortField=OpenDate&SortDirection=Desc&StudentIndicator=True
2026-04-28 00:38:34,668 [WARNING] USAJobs API error for 'data scientist': 401 Client Error: Unauthorized for url: https://data.usajobs.gov/api/search?Keyword=data+scientist&ResultsPerPage=10&SortField=OpenDate&SortDirection=Desc&StudentIndicator=True
2026-04-28 00:38:37,228 [WARNING] USAJobs API error for 'machine learning': 401 Client Error: Unauthorized for url: https://data.usajobs.gov/api/search?Keyword=machine+learning&ResultsPerPage=10&SortField=OpenDate&SortDirection=Desc&StudentIndicator=True
2026-04-28 00:38:40,671 [WARNING] USAJobs API error for 'information technology': 401 Client Error: Unauthorized for url: https://data.usajobs.gov/api/search?Keyword=information+technology&ResultsPerPage=10&SortField=OpenDate&SortDirection=Desc&StudentIndicator=True
2026-04-28 00:38:43,344 [INFO]   0 listings found
2026-04-28 00:38:43,344 [INFO] Total unique listings: 160
2026-04-28 00:38:43,348 [INFO] Report saved found C:\Users\Micha\OneDrive\Desktop\JobScraper\job_report.html
2026-04-28 00:38:43,578 [INFO] Done! Report opened in your browser.
2026-04-28 00:45:35,805 [INFO] Starting scrape...
2026-04-28 00:45:35,806 [INFO] Scraping Indeed...
2026-04-28 00:45:35,924 [WARNING]   Indeed RSS failed for 'new grad software engineer': 404 Client Error: Not Found for url: https://www.indeed.com/rss?q=new+grad+software+engineer&l=United+States&sort=date&fromage=1&limit=10
2026-04-28 00:45:39,423 [WARNING]   Indeed RSS failed for 'entry level software engineer': 404 Client Error: Not Found for url: https://www.indeed.com/rss?q=entry+level+software+engineer&l=United+States&sort=date&fromage=1&limit=10
2026-04-28 00:45:41,860 [WARNING]   Indeed RSS failed for 'junior software developer': 403 Client Error: Forbidden for url: https://www.indeed.com/rss?q=junior+software+developer&l=United+States&sort=date&fromage=1&limit=10
2026-04-28 00:45:45,019 [WARNING]   Indeed RSS failed for 'new grad machine learning engineer': 403 Client Error: Forbidden for url: https://www.indeed.com/rss?q=new+grad+machine+learning+engineer&l=United+States&sort=date&fromage=1&limit=10
2026-04-28 00:45:47,320 [WARNING]   Indeed RSS failed for 'entry level AI engineer': 403 Client Error: Forbidden for url: https://www.indeed.com/rss?q=entry+level+AI+engineer&l=United+States&sort=date&fromage=1&limit=10
2026-04-28 00:45:49,803 [WARNING]   Indeed RSS failed for 'junior data scientist': 403 Client Error: Forbidden for url: https://www.indeed.com/rss?q=junior+data+scientist&l=United+States&sort=date&fromage=1&limit=10
2026-04-28 00:45:52,991 [WARNING]   Indeed RSS failed for 'entry level cybersecurity analyst': 403 Client Error: Forbidden for url: https://www.indeed.com/rss?q=entry+level+cybersecurity+analyst&l=United+States&sort=date&fromage=1&limit=10
2026-04-28 00:45:56,221 [WARNING]   Indeed RSS failed for 'new grad security engineer': 403 Client Error: Forbidden for url: https://www.indeed.com/rss?q=new+grad+security+engineer&l=United+States&sort=date&fromage=1&limit=10
2026-04-28 00:45:58,155 [WARNING]   Indeed RSS failed for 'entry level robotics engineer': 403 Client Error: Forbidden for url: https://www.indeed.com/rss?q=entry+level+robotics+engineer&l=United+States&sort=date&fromage=1&limit=10
2026-04-28 00:46:01,534 [WARNING]   Indeed RSS failed for 'new grad robotics software': 403 Client Error: Forbidden for url: https://www.indeed.com/rss?q=new+grad+robotics+software&l=United+States&sort=date&fromage=1&limit=10
2026-04-28 00:46:04,820 [WARNING]   Indeed RSS failed for 'new grad DevOps engineer': 403 Client Error: Forbidden for url: https://www.indeed.com/rss?q=new+grad+DevOps+engineer&l=United+States&sort=date&fromage=1&limit=10
2026-04-28 00:46:08,207 [WARNING]   Indeed RSS failed for 'entry level cloud engineer': 403 Client Error: Forbidden for url: https://www.indeed.com/rss?q=entry+level+cloud+engineer&l=United+States&sort=date&fromage=1&limit=10
2026-04-28 00:46:10,338 [WARNING]   Indeed RSS failed for 'new grad site reliability engineer': 403 Client Error: Forbidden for url: https://www.indeed.com/rss?q=new+grad+site+reliability+engineer&l=United+States&sort=date&fromage=1&limit=10
2026-04-28 00:46:12,383 [INFO]   0 listings found
2026-04-28 00:46:12,383 [INFO] Scraping LinkedIn...
2026-04-28 00:46:56,796 [INFO]   82 listings found
2026-04-28 00:46:56,796 [INFO] Scraping SimplyHired...
2026-04-28 00:47:48,483 [INFO]   121 listings found
2026-04-28 00:47:48,483 [INFO] Scraping REU/Research...
2026-04-28 00:47:52,960 [WARNING]   fetch failed for https://app.joinhandshake.com/jobs?query=summer+research+undergraduate+computer+science&page=1&per_page=10&job_types%5B%5D=268: 403 Client Error: Forbidden for url: https://app.joinhandshake.com/jobs?query=summer+research+undergraduate+computer+science&page=1&per_page=10&job_types%5B%5D=268
2026-04-28 00:47:55,380 [WARNING]   fetch failed for https://app.joinhandshake.com/jobs?query=REU+fellowship+machine+learning&page=1&per_page=10&job_types%5B%5D=268: 403 Client Error: Forbidden for url: https://app.joinhandshake.com/jobs?query=REU+fellowship+machine+learning&page=1&per_page=10&job_types%5B%5D=268
2026-04-28 00:48:00,358 [INFO]   0 listings found
2026-04-28 00:48:00,358 [INFO] Scraping USAJobs...
2026-04-28 00:48:00,583 [WARNING] USAJobs API error for 'software engineer': 401 Client Error: Unauthorized for url: https://data.usajobs.gov/api/search?Keyword=software+engineer&ResultsPerPage=10&SortField=OpenDate&SortDirection=Desc&StudentIndicator=True
2026-04-28 00:48:02,621 [WARNING] USAJobs API error for 'computer scientist': 401 Client Error: Unauthorized for url: https://data.usajobs.gov/api/search?Keyword=computer+scientist&ResultsPerPage=10&SortField=OpenDate&SortDirection=Desc&StudentIndicator=True
2026-04-28 00:48:05,730 [WARNING] USAJobs API error for 'cybersecurity': 401 Client Error: Unauthorized for url: https://data.usajobs.gov/api/search?Keyword=cybersecurity&ResultsPerPage=10&SortField=OpenDate&SortDirection=Desc&StudentIndicator=True
2026-04-28 00:48:09,077 [WARNING] USAJobs API error for 'data scientist': 401 Client Error: Unauthorized for url: https://data.usajobs.gov/api/search?Keyword=data+scientist&ResultsPerPage=10&SortField=OpenDate&SortDirection=Desc&StudentIndicator=True
2026-04-28 00:48:11,535 [WARNING] USAJobs API error for 'machine learning': 401 Client Error: Unauthorized for url: https://data.usajobs.gov/api/search?Keyword=machine+learning&ResultsPerPage=10&SortField=OpenDate&SortDirection=Desc&StudentIndicator=True
2026-04-28 00:48:14,102 [WARNING] USAJobs API error for 'information technology': 401 Client Error: Unauthorized for url: https://data.usajobs.gov/api/search?Keyword=information+technology&ResultsPerPage=10&SortField=OpenDate&SortDirection=Desc&StudentIndicator=True
2026-04-28 00:48:16,981 [INFO]   0 listings found
2026-04-28 00:48:16,981 [INFO] Total unique listings: 143
2026-04-28 00:48:16,985 [INFO] Report saved found C:\Users\Micha\OneDrive\Desktop\JobScraper\job_report.html
2026-04-28 00:48:17,197 [INFO] Done! Report opened in your browser.
2026-04-28 00:59:40,369 [INFO] Scheduled mode: running every 6 hour(s). Press Ctrl+C to stop.
2026-04-28 00:59:40,370 [INFO] Starting scrape run...
2026-04-28 00:59:40,370 [INFO] Scraping Indeed...
2026-04-28 00:59:40,494 [WARNING]   Indeed RSS failed for 'new grad software engineer': 404 Client Error: Not Found for url: https://www.indeed.com/rss?q=new+grad+software+engineer&l=United+States&sort=date&fromage=1&limit=10
2026-04-28 00:59:43,340 [WARNING]   Indeed RSS failed for 'entry level software engineer': 404 Client Error: Not Found for url: https://www.indeed.com/rss?q=entry+level+software+engineer&l=United+States&sort=date&fromage=1&limit=10
2026-04-28 00:59:45,720 [WARNING]   Indeed RSS failed for 'junior software developer': 403 Client Error: Forbidden for url: https://www.indeed.com/rss?q=junior+software+developer&l=United+States&sort=date&fromage=1&limit=10
2026-04-28 00:59:47,359 [WARNING]   Indeed RSS failed for 'new grad machine learning engineer': 403 Client Error: Forbidden for url: https://www.indeed.com/rss?q=new+grad+machine+learning+engineer&l=United+States&sort=date&fromage=1&limit=10
2026-04-28 00:59:49,857 [WARNING]   Indeed RSS failed for 'entry level AI engineer': 403 Client Error: Forbidden for url: https://www.indeed.com/rss?q=entry+level+AI+engineer&l=United+States&sort=date&fromage=1&limit=10
2026-04-28 00:59:51,874 [WARNING]   Indeed RSS failed for 'junior data scientist': 403 Client Error: Forbidden for url: https://www.indeed.com/rss?q=junior+data+scientist&l=United+States&sort=date&fromage=1&limit=10
2026-04-28 00:59:54,640 [WARNING]   Indeed RSS failed for 'entry level cybersecurity analyst': 403 Client Error: Forbidden for url: https://www.indeed.com/rss?q=entry+level+cybersecurity+analyst&l=United+States&sort=date&fromage=1&limit=10
2026-04-28 00:59:57,751 [WARNING]   Indeed RSS failed for 'new grad security engineer': 403 Client Error: Forbidden for url: https://www.indeed.com/rss?q=new+grad+security+engineer&l=United+States&sort=date&fromage=1&limit=10
2026-04-28 00:59:59,787 [WARNING]   Indeed RSS failed for 'entry level robotics engineer': 403 Client Error: Forbidden for url: https://www.indeed.com/rss?q=entry+level+robotics+engineer&l=United+States&sort=date&fromage=1&limit=10
2026-04-28 01:00:02,645 [WARNING]   Indeed RSS failed for 'new grad robotics software': 403 Client Error: Forbidden for url: https://www.indeed.com/rss?q=new+grad+robotics+software&l=United+States&sort=date&fromage=1&limit=10
2026-04-28 01:00:05,284 [WARNING]   Indeed RSS failed for 'new grad DevOps engineer': 403 Client Error: Forbidden for url: https://www.indeed.com/rss?q=new+grad+DevOps+engineer&l=United+States&sort=date&fromage=1&limit=10
2026-04-28 01:00:07,714 [WARNING]   Indeed RSS failed for 'entry level cloud engineer': 403 Client Error: Forbidden for url: https://www.indeed.com/rss?q=entry+level+cloud+engineer&l=United+States&sort=date&fromage=1&limit=10
2026-04-28 01:00:10,708 [WARNING]   Indeed RSS failed for 'new grad site reliability engineer': 403 Client Error: Forbidden for url: https://www.indeed.com/rss?q=new+grad+site+reliability+engineer&l=United+States&sort=date&fromage=1&limit=10
2026-04-28 01:00:13,822 [INFO]   0 listings found
2026-04-28 01:00:13,823 [INFO] Scraping LinkedIn...
2026-04-28 01:00:59,625 [INFO]   82 listings found
2026-04-28 01:00:59,626 [INFO] Scraping SimplyHired...
2026-04-28 01:01:53,644 [INFO]   121 listings found
2026-04-28 01:01:53,645 [INFO] Scraping REU/Research...
2026-04-28 01:01:58,372 [WARNING]   fetch failed for https://app.joinhandshake.com/jobs?query=summer+research+undergraduate+computer+science&page=1&per_page=10&job_types%5B%5D=268: 403 Client Error: Forbidden for url: https://app.joinhandshake.com/jobs?query=summer+research+undergraduate+computer+science&page=1&per_page=10&job_types%5B%5D=268
2026-04-28 01:02:00,396 [WARNING]   fetch failed for https://app.joinhandshake.com/jobs?query=REU+fellowship+machine+learning&page=1&per_page=10&job_types%5B%5D=268: 403 Client Error: Forbidden for url: https://app.joinhandshake.com/jobs?query=REU+fellowship+machine+learning&page=1&per_page=10&job_types%5B%5D=268
2026-04-28 01:02:04,690 [INFO]   0 listings found
2026-04-28 01:02:04,690 [INFO] Scraping USAJobs...
2026-04-28 01:02:04,806 [WARNING] USAJobs API error for 'software engineer': 401 Client Error: Unauthorized for url: https://data.usajobs.gov/api/search?Keyword=software+engineer&ResultsPerPage=10&SortField=OpenDate&SortDirection=Desc&StudentIndicator=True
2026-04-28 01:02:07,754 [WARNING] USAJobs API error for 'computer scientist': 401 Client Error: Unauthorized for url: https://data.usajobs.gov/api/search?Keyword=computer+scientist&ResultsPerPage=10&SortField=OpenDate&SortDirection=Desc&StudentIndicator=True
2026-04-28 01:02:09,930 [WARNING] USAJobs API error for 'cybersecurity': 401 Client Error: Unauthorized for url: https://data.usajobs.gov/api/search?Keyword=cybersecurity&ResultsPerPage=10&SortField=OpenDate&SortDirection=Desc&StudentIndicator=True
2026-04-28 01:02:12,093 [WARNING] USAJobs API error for 'data scientist': 401 Client Error: Unauthorized for url: https://data.usajobs.gov/api/search?Keyword=data+scientist&ResultsPerPage=10&SortField=OpenDate&SortDirection=Desc&StudentIndicator=True
2026-04-28 01:02:14,506 [WARNING] USAJobs API error for 'machine learning': 401 Client Error: Unauthorized for url: https://data.usajobs.gov/api/search?Keyword=machine+learning&ResultsPerPage=10&SortField=OpenDate&SortDirection=Desc&StudentIndicator=True
2026-04-28 01:02:18,087 [WARNING] USAJobs API error for 'information technology': 401 Client Error: Unauthorized for url: https://data.usajobs.gov/api/search?Keyword=information+technology&ResultsPerPage=10&SortField=OpenDate&SortDirection=Desc&StudentIndicator=True
2026-04-28 01:02:20,559 [INFO]   0 listings found
2026-04-28 01:02:20,559 [INFO] Total unique listings: 148
2026-04-28 01:02:20,562 [INFO] Report saved to C:\Users\Micha\OneDrive\Desktop\JobScraper\job_report.html
2026-04-28 01:02:20,920 [INFO] Notification sent!
2026-04-28 01:02:20,921 [INFO] Done!

